[0.290s] Invoking command in '/home/srijan/ros2_ws/src/pub_sub': PYTHONPATH=/home/srijan/ros2_ws/build/pub_sub/prefix_override:/usr/lib/python3/dist-packages/colcon_core/task/python/colcon_distutils_commands:/home/srijan/ros2_ws/install/pub_sub/lib/python3.8/site-packages:${PYTHONPATH} /usr/bin/python3 -W ignore:setup.py install is deprecated -W ignore:easy_install command is deprecated setup.py egg_info --egg-base ../../build/pub_sub build --build-base /home/srijan/ros2_ws/build/pub_sub/build install --record /home/srijan/ros2_ws/build/pub_sub/install.log --install-scripts $base/lib/pub_sub --single-version-externally-managed install_data
[0.371s] running egg_info
[0.371s] creating ../../build/pub_sub/pub_sub.egg-info
[0.371s] writing ../../build/pub_sub/pub_sub.egg-info/PKG-INFO
[0.371s] writing dependency_links to ../../build/pub_sub/pub_sub.egg-info/dependency_links.txt
[0.371s] writing entry points to ../../build/pub_sub/pub_sub.egg-info/entry_points.txt
[0.372s] writing requirements to ../../build/pub_sub/pub_sub.egg-info/requires.txt
[0.372s] writing top-level names to ../../build/pub_sub/pub_sub.egg-info/top_level.txt
[0.373s] writing manifest file '../../build/pub_sub/pub_sub.egg-info/SOURCES.txt'
[0.387s] reading manifest file '../../build/pub_sub/pub_sub.egg-info/SOURCES.txt'
[0.387s] writing manifest file '../../build/pub_sub/pub_sub.egg-info/SOURCES.txt'
[0.387s] running build
[0.387s] running build_py
[0.387s] creating /home/srijan/ros2_ws/build/pub_sub/build
[0.387s] creating /home/srijan/ros2_ws/build/pub_sub/build/lib
[0.387s] creating /home/srijan/ros2_ws/build/pub_sub/build/lib/pub_sub
[0.387s] copying pub_sub/__init__.py -> /home/srijan/ros2_ws/build/pub_sub/build/lib/pub_sub
[0.387s] running install
[0.388s] running install_lib
[0.388s] creating /home/srijan/ros2_ws/install/pub_sub/lib/python3.8/site-packages/pub_sub
[0.388s] copying /home/srijan/ros2_ws/build/pub_sub/build/lib/pub_sub/__init__.py -> /home/srijan/ros2_ws/install/pub_sub/lib/python3.8/site-packages/pub_sub
[0.388s] byte-compiling /home/srijan/ros2_ws/install/pub_sub/lib/python3.8/site-packages/pub_sub/__init__.py to __init__.cpython-38.pyc
[0.389s] running install_data
[0.389s] creating /home/srijan/ros2_ws/install/pub_sub/share/ament_index
[0.389s] creating /home/srijan/ros2_ws/install/pub_sub/share/ament_index/resource_index
[0.389s] creating /home/srijan/ros2_ws/install/pub_sub/share/ament_index/resource_index/packages
[0.389s] copying resource/pub_sub -> /home/srijan/ros2_ws/install/pub_sub/share/ament_index/resource_index/packages
[0.389s] copying package.xml -> /home/srijan/ros2_ws/install/pub_sub/share/pub_sub
[0.389s] running install_egg_info
[0.389s] Copying ../../build/pub_sub/pub_sub.egg-info to /home/srijan/ros2_ws/install/pub_sub/lib/python3.8/site-packages/pub_sub-0.0.0-py3.8.egg-info
[0.390s] running install_scripts
[0.397s] writing list of installed files to '/home/srijan/ros2_ws/build/pub_sub/install.log'
[0.407s] Invoked command in '/home/srijan/ros2_ws/src/pub_sub' returned '0': PYTHONPATH=/home/srijan/ros2_ws/build/pub_sub/prefix_override:/usr/lib/python3/dist-packages/colcon_core/task/python/colcon_distutils_commands:/home/srijan/ros2_ws/install/pub_sub/lib/python3.8/site-packages:${PYTHONPATH} /usr/bin/python3 -W ignore:setup.py install is deprecated -W ignore:easy_install command is deprecated setup.py egg_info --egg-base ../../build/pub_sub build --build-base /home/srijan/ros2_ws/build/pub_sub/build install --record /home/srijan/ros2_ws/build/pub_sub/install.log --install-scripts $base/lib/pub_sub --single-version-externally-managed install_data
